<?xml version="1.0" encoding="UTF-8"?>
<testsuite xmlns:xsi="http://www.w3.org/2001/XMLSchema-instance" xsi:noNamespaceSchemaLocation="https://maven.apache.org/surefire/maven-surefire-plugin/xsd/surefire-test-report-3.0.xsd" version="3.0" name="org.selenide.test.SkyUpTest" time="17.401" tests="1" errors="0" skipped="0" failures="0">
  <properties>
[...]
</properties>
  <testcase name="userCanSignIn" classname="org.selenide.test.SkyUpTest" time="17.088">
    <system-err><![CDATA[[main] INFO com.codeborne.selenide.impl.WebDriverThreadLocalContainer - No webdriver is bound to current thread: 1 - let's create a new webdriver
[main] INFO com.codeborne.selenide.impl.FileHelper - Creating folder: C:\Users\bezno\IdeaProjects\SkyUpAutomation\build\downloads\1654463539960_10724_1
[main] INFO io.github.bonigarcia.wdm.WebDriverManager - Using chromedriver 102.0.5005.61 (resolved driver for Chrome 102)
[main] INFO io.github.bonigarcia.wdm.WebDriverManager - Exporting webdriver.chrome.driver as C:\Users\bezno\.cache\selenium\chromedriver\win32\102.0.5005.61\chromedriver.exe
[main] INFO com.codeborne.selenide.webdriver.SelenideNettyClientFactory - Changed readTimeout from PT3M to PT1M30S
Starting ChromeDriver 102.0.5005.61 (0e59bcc00cc4985ce39ad31c150065f159d95ad3-refs/branch-heads/5005@{#819}) on port 54822
Only local connections are allowed.
Please see https://chromedriver.chromium.org/security-considerations for suggestions on keeping ChromeDriver safe.
ChromeDriver was started successfully.
черв. 06, 2022 12:12:26 ДП org.openqa.selenium.remote.ProtocolHandshake createSession
INFO: Detected dialect: W3C
[main] INFO com.codeborne.selenide.webdriver.SelenideNettyClientFactory - Changed readTimeout from PT3M to PT1M30S
[main] INFO com.codeborne.selenide.webdriver.SelenideNettyClientFactory - Changed readTimeout from PT3M to PT1M30S
черв. 06, 2022 12:12:26 ДП org.openqa.selenium.devtools.CdpVersionFinder findNearestMatch
WARNING: Unable to find an exact match for CDP version 102, so returning the closest version found: 101
черв. 06, 2022 12:12:26 ДП org.openqa.selenium.devtools.CdpVersionFinder findNearestMatch
INFO: Found CDP implementation for version 102 of 101
[main] INFO com.codeborne.selenide.webdriver.BrowserResizer - Set browser size to 1366x768
[main] INFO com.codeborne.selenide.webdriver.WebDriverFactory - BrowserName=chrome Version=102.0.5005.62 Platform=WINDOWS
[main] INFO com.codeborne.selenide.webdriver.WebDriverFactory - Selenide v. 6.5.1
[main] INFO com.codeborne.selenide.webdriver.WebDriverFactory - Selenium WebDriver v. 4.1.4 build revision: 535d840ee2
[main] INFO com.codeborne.selenide.drivercommands.CreateDriverCommand - Created webdriver in thread 1: ChromeDriver -> ChromeDriver: chrome on WINDOWS (8a632b590aa79cdfbba336625536161d)
[main] INFO com.codeborne.selenide.junit.ScreenShooter - 
Screenshot: file:/C:/Users/bezno/IdeaProjects/SkyUpAutomation/test-result/reports/org/selenide/test/SkyUpTest/userCanSignIn/1654463553363.0.png
Page source: file:/C:/Users/bezno/IdeaProjects/SkyUpAutomation/test-result/reports/org/selenide/test/SkyUpTest/userCanSignIn/1654463553363.0.html
]]></system-err>
  </testcase>
</testsuite>